1658424547420,60,58
1658424547720,103,58
1658424548027,60,57
1658424548324,60,64
1658424548609,63,57
1658424548902,61,65
1658424549187,61,64
1658424549473,73,56
1658424549767,60,56
1658424550075,124,56
1658424550364,62,57
1658424550653,60,57
1658424550955,60,56
1658424551244,60,57
1658424551550,60,57
1658424551861,60,57
1658424552173,52,56
1658424552487,74,56
1658424552783,59,56
1658424553082,108,56
1658424553386,60,56
1658424553689,111,56
1658424553989,68,56
1658424554290,60,56
1658424555206,111,56
1658424555506,60,56
1658424555801,96,56
1658424556106,61,56
1658424556407,60,56
1658424556703,85,56
1658424557000,94,56
1658424557305,63,56
1658424557601,113,56
1658424557904,61,56
1658424558224,60,56
1658424558517,97,56
1658424558817,60,56
1658424559114,60,56
1658424559407,60,56
1658424559701,60,56
1658424560016,60,56
1658424560328,95,56
1658424560630,61,56
1658424560928,66,56
1658424561232,60,56
1658424561520,60,56
1658424561835,60,56
1658424562143,63,56
1658424562441,110,56
1658424562738,60,56
1658424563026,60,89
1658424563331,62,71
1658424563635,62,102
1658424563947,61,72
1658424564259,61,68
1658424564540,46,92
1658424564849,54,68
1658424565148,60,68
1658424565440,112,68
1658424565745,60,68
1658424566035,60,68
1658424566324,60,70
1658424566623,88,68
1658424566906,88,57
1658424567212,76,57
1658424567515,99,85
1658424567816,68,57
1658424568116,62,57
1658424568409,62,57
1658424568707,106,56
1658424569009,60,70
1658424569308,60,116
1658424569592,61,116
1658424569888,60,87
1658424570192,60,79
1658424570487,60,68
1658424570781,45,68
1658424571095,45,68
1658424571389,46,68
1658424571694,90,64
1658424571978,60,56
1658424572276,110,56
1658424572574,111,56
1658424572860,61,57
1658424573161,63,80
1658424573453,111,80
1658424573736,73,115
1658424574024,61,68
1658424574315,60,68
1658424574596,68,68
1658424574893,111,69
1658424575200,61,113
1658424575492,60,69
1658424575814,60,68
1658424576109,60,68
1658424576408,60,68
1658424576715,61,115
1658424577014,45,105
1658424577315,101,69
1658424577613,111,68
1658424577918,61,73
1658424578219,61,68
1658424578499,60,69
1658424578789,94,71
1658424579084,63,70
1658424579395,62,70
1658424579668,112,111
1658424579964,64,69
1658424580252,61,114
1658424580533,60,68
1658424580837,61,84
1658424581133,128,69
1658424581441,61,68
1658424581740,60,68
1658424582030,60,68
1658424582339,60,70
1658424582657,64,68
1658424582943,111,68
1658424583243,61,57
1658424583527,111,57
1658424583825,63,87
1658424584107,63,79
1658424584400,64,70
1658424584690,62,68
1658424584963,62,116
1658424585268,60,116
1658424585564,60,68
1658424585878,60,68
1658424586171,60,56
1658424586481,60,56
1658424586783,60,68
1658424587077,60,107
1658424587391,99,68
1658424587693,121,68
1658424587999,113,68
1658424588290,66,68
1658424588580,102,64
1658424588878,60,56
1658424589177,60,56
1658424589470,63,87
1658424589772,62,57
1658424590062,61,86
1658424590366,62,70
1658424590659,64,73
1658424590951,64,70
1658424591244,137,78
1658424591538,99,128
1658424591844,61,114
1658424592133,61,71
1658424592422,109,68
1658424592728,61,116
1658424593038,61,68
1658424593347,111,71
1658424593636,67,103
1658424593937,85,114
1658424594238,61,69
1658424594538,111,68
1658424594834,61,68
1658424595118,61,68
1658424595427,61,69
1658424595737,61,56
1658424596021,111,87
1658424596314,61,68
1658424596611,61,69
1658424596917,61,103
1658424597215,61,111
1658424597513,114,69
1658424597802,63,70
1658424598094,114,70
1658424598383,113,119
1658424598694,114,71
1658424598986,62,71
1658424599299,62,57
1658424599599,114,57
1658424599886,63,57
1658424600170,61,56
1658424600460,62,56
1658424600755,62,59
1658424601056,110,84
1658424601340,61,68
1658424601640,61,69
1658424601920,69,75
1658424602227,64,114
1658424602513,145,105
1658424602807,102,71
1658424603106,111,71
1658424603390,72,116
1658424603687,61,69
1658424603985,61,69
1658424604299,61,69
1658424604599,61,71
1658424604890,63,69
1658424605198,62,74
1658424605503,61,64
1658424605804,61,68
1658424606119,76,68
1658424606413,61,77
1658424606713,61,129
1658424607013,61,117
1658424607334,61,71
1658424607633,112,57
1658424607915,88,56
1658424608224,98,56
1658424608517,62,94
1658424608826,61,75
1658424609135,61,69
1658424609452,61,71
1658424609737,61,71
1658424610048,46,71
1658424610337,45,71
1658424610644,76,68
1658424610927,72,56
1658424611215,61,56
1658424611522,110,56
1658424611823,61,82
1658424612125,122,68
1658424612422,61,79
1658424612725,110,68
1658424613003,61,98
1658424613295,61,118
1658424613590,113,95
1658424613890,116,70
1658424614180,62,122
1658424614477,62,81
1658424614760,61,71
1658424615051,61,68
1658424615345,61,68
1658424615635,61,68
1658424615930,46,86
1658424616240,46,56
1658424616539,46,56
1658424616836,45,56
1658424617133,45,57
1658424617447,45,56
1658424617748,45,56
1658424618047,45,59
1658424618352,46,78
1658424618649,46,88
1658424618930,46,103
1658424619227,45,69
1658424619523,47,70
1658424619823,47,94
1658424620118,47,70
1658424620428,73,70
1658424620743,62,57
1658424621029,64,57
1658424621318,64,57
1658424621615,62,76
1658424621927,60,76
1658424622242,91,71
1658424622537,78,71
1658424622845,69,71
1658424623141,101,111
1658424623431,109,71
1658424623714,108,106
1658424624005,61,68
1658424624297,111,68
1658424624607,61,68
1658424624889,60,68
1658424625189,61,63
1658424625487,107,56
1658424625785,61,86
1658424626093,100,108
1658424626388,61,68
1658424626694,112,97
1658424627002,61,116
1658424627282,61,68
1658424627559,63,117
1658424627856,62,71
1658424628157,62,71
1658424628457,62,70
1658424628802,65,116
1658424629111,62,87
1658424629404,62,117
1658424629698,62,68
1658424629977,64,70
1658424630285,62,71
1658424630567,63,134
1658424630863,83,71
1658424631145,67,71
1658424631431,112,68
1658424631722,63,68
1658424632031,62,68
1658424632332,63,116
1658424632630,62,68
1658424632918,61,111
1658424633217,64,117
1658424633520,103,122
1658424633827,108,81
1658424634143,63,68
1658424634444,61,88
1658424634741,63,69
1658424635049,62,69
1658424635345,63,69
1658424635651,61,68
1658424635950,112,56
1658424636273,61,56
1658424636576,114,56
1658424636869,62,56
1658424637176,64,56
1658424637468,113,56
1658424637750,61,56
1658424638049,61,56
1658424638365,61,56
1658424638663,111,56
1658424638972,69,56
1658424639271,105,56
1658424639572,63,74
1658424639857,61,65
1658424640159,61,99
1658424640454,61,117
1658424640737,63,112
1658424641044,62,71
1658424641342,63,104
1658424641634,76,118
1658424641926,71,71
1658424642218,46,71
1658424642534,46,71
1658424642831,70,71
1658424643132,61,71
1658424643437,61,68
1658424643722,61,76
1658424644016,60,57
1658424644311,64,57
1658424644590,61,59
1658424644906,61,83
1658424645209,61,116
1658424645514,112,69
1658424645811,85,117
1658424646110,61,92
1658424646417,61,69
1658424646720,60,68
1658424647019,60,68
1658424647320,97,69
1658424647633,104,87
1658424647916,110,86
1658424648202,61,57
1658424648507,67,79
1658424648809,65,75
1658424649105,64,69
1658424649404,63,70
1658424649688,66,105
1658424649997,62,71
1658424650285,65,98
1658424650584,47,110
1658424650879,47,112
1658424651176,45,71
1658424651483,63,71
1658424651786,60,71
1658424652089,61,71
1658424652378,108,69
1658424652681,65,58
1658424652978,111,57
1658424653264,61,56
1658424653585,61,71
1658424653889,61,71
1658424654185,111,116
1658424654466,62,117
1658424654768,61,69
1658424655053,74,117
1658424655351,61,91
1658424655640,111,69
1658424655931,64,74
1658424656231,52,71
1658424656532,47,71
1658424656840,46,70
1658424657125,48,70
1658424657412,46,71
1658424657730,46,64
1658424658032,46,91
1658424658342,55,70
1658424658629,114,114
1658424658935,61,115
1658424659218,113,71
1658424659517,87,71
1658424659823,61,72
1658424660136,61,116
1658424660437,65,71
1658424660727,61,71
1658424661043,61,72
1658424661332,70,71
1658424661632,61,72
1658424661947,82,72
1658424662254,61,71
1658424662554,114,57
1658424662857,61,57
1658424663143,85,58
1658424663447,61,57
1658424663753,61,57
1658424664056,113,67
1658424664356,61,59
1658424664649,61,57
1658424664949,61,56
1658424665234,111,56
1658424665547,45,56
1658424665834,45,78
1658424666136,45,56
1658424666420,45,73
1658424666711,45,68
1658424667023,68,69
1658424667318,79,69
1658424667613,60,93
1658424667905,60,114
1658424668193,63,87
1658424668480,62,71
1658424668769,60,71
1658424669085,60,107
1658424669384,45,71
1658424669669,45,68
1658424669977,45,70
1658424670281,45,82
1658424670574,46,59
1658424670853,84,56
1658424671153,73,56
1658424671438,111,86
1658424671743,110,60
1658424672037,100,60
1658424672343,82,60
1658424672635,61,93
1658424672931,64,85
1658424673239,63,59
1658424673538,64,57
1658424673845,64,57
1658424674159,61,68
1658424674456,61,71
1658424674759,61,78
1658424675073,61,67
1658424675367,108,87
1658424675681,87,68
1658424675973,57,68
1658424676280,89,68
1658424676572,82,112
1658424676870,61,69
1658424677183,61,68
1658424677481,60,56
1658424677783,61,82
1658424678090,61,57
1658424678401,45,57
1658424678706,58,57
1658424679004,46,57
1658424679307,46,71
1658424679604,46,88
1658424679921,46,69
1658424680261,46,73
1658424680559,46,71
1658424680865,45,71
1658424681160,46,70
1658424681456,69,64
1658424681753,76,59
1658424682055,110,57
1658424682357,98,57
1658424682651,60,58
1658424682970,104,110
1658424683277,63,71
1658424683582,61,72
1658424683885,61,72
1658424684177,61,111
1658424684470,60,71
1658424684780,48,111
1658424685077,45,71
1658424685375,46,71
1658424685676,61,116
1658424685979,76,57
1658424686284,46,57
1658424686593,76,57
1658424686890,47,86
1658424687190,45,61
1658424687484,45,67
1658424687796,46,58
1658424688102,46,73
1658424688401,46,87
1658424688698,64,58
1658424689009,57,58
1658424689317,57,57
1658424689625,57,87
1658424689930,56,63
1658424690229,58,63
1658424690517,58,63
1658424690809,88,63
1658424691097,130,63
1658424691410,61,61
1658424691721,60,58
1658424692024,72,57
1658424692346,117,58
1658424692641,62,77
1658424692938,62,103
1658424693227,62,71
1658424693501,60,68
1658424693810,61,105
1658424694109,61,93
1658424694395,46,91
1658424694685,45,68
1658424694981,45,69
1658424695274,45,118
1658424695552,47,71
1658424695852,46,71
1658424696137,53,87
1658424696424,53,79
1658424696721,49,117
1658424697008,45,68
1658424697288,45,117
1658424697578,46,70
1658424697874,48,70
1658424698167,46,85
1658424698464,47,71
1658424698760,45,72
1658424699059,53,81
1658424699348,53,103
1658424699638,53,69
1658424699923,53,68
1658424700207,45,69
1658424700504,45,70
1658424700812,45,104
1658424701127,45,109
1658424701426,69,70
1658424701723,77,117
1658424702036,60,70
1658424702334,60,69
1658424702633,61,69
1658424702924,60,69
1658424703212,62,71
1658424703525,46,70
1658424703838,45,57
1658424704132,45,56
1658424704434,45,57
1658424704728,45,57
1658424705009,46,57
1658424705314,45,57
1658424705607,45,57
1658424705915,45,58
1658424706216,45,83
1658424706528,45,72
1658424706834,46,70
1658424707122,46,117
1658424707416,45,71
1658424707697,45,74
1658424707986,45,115
1658424708268,45,96
1658424708568,45,117
1658424708867,45,69
1658424709161,45,70
1658424709457,83,70
1658424709747,65,121
1658424710032,71,144
1658424710308,73,106
1658424710603,85,69
1658424710906,61,68
1658424711187,96,68
1658424711491,60,68
1658424711792,60,68
1658424712095,60,62
1658424712405,60,56
1658424712705,60,56
1658424712992,60,56
1658424713292,50,57
1658424713592,45,57
1658424713885,45,57
1658424714193,45,57
1658424714519,45,56
1658424714810,71,56
1658424715101,60,56
1658424715406,60,56
1658424715708,60,56
1658424716011,116,56
1658424716308,62,68
1658424716608,60,112
1658424716913,106,74
1658424717205,110,117
1658424717515,63,79
1658424717808,60,115
1658424718124,60,69
1658424718419,60,68
1658424718726,60,69
1658424719021,45,68
1658424719305,46,70
1658424719608,46,70
1658424719893,45,78
1658424720190,45,71
1658424720478,76,112
1658424720768,62,117
1658424721066,50,117
1658424721356,120,69
1658424721653,110,68
1658424721947,85,104
1658424722260,110,69
1658424722537,60,69
1658424722836,60,68
1658424723132,107,70
1658424723424,66,70
1658424723710,68,71
1658424724002,63,68
1658424724309,44,58
1658424724599,44,76
1658424724903,44,85
1658424725194,45,69
1658424725482,66,68
1658424725766,79,68
1658424726068,69,68
1658424726356,62,68
1658424726653,51,111
1658424726943,53,57
1658424727244,107,58
1658424727522,61,58
1658424727814,60,57
1658424728121,60,57
1658424728412,60,57
1658424728713,110,57
1658424729023,47,57
1658424729328,77,58
1658424729629,60,86
1658424729941,60,64
1658424730234,110,94
1658424730533,60,62
1658424730847,60,64
1658424731139,110,64
1658424731447,60,64
1658424731750,60,103
1658424732052,60,71
1658424732329,110,69
1658424732621,62,69
1658424732912,60,69
1658424733208,56,70
1658424733517,45,70
1658424733818,45,56
1658424734114,57,56
1658424734430,58,57
1658424734735,60,56
1658424735028,61,56
1658424735325,60,57
1658424735620,60,63
1658424735936,75,109
1658424736242,48,69
1658424736534,45,83
1658424736835,45,69
1658424737129,45,117
1658424737425,46,117
1658424737736,63,68
1658424738044,97,68
1658424738338,61,68
1658424738643,110,68
1658424738925,88,70
1658424739230,62,63
1658424739533,62,57
1658424739810,73,77
1658424740095,61,71
1658424740395,60,116
1658424740695,60,88
1658424740999,60,71
1658424741308,60,71
1658424741609,111,71
1658424741910,60,71
1658424742194,60,69
1658424742500,68,91
1658424742800,60,69
1658424743087,60,101
1658424743381,60,69
1658424743693,60,69
1658424743990,60,68
1658424744283,110,104
1658424744576,76,69
1658424744877,60,61
1658424745164,60,57
1658424745468,112,57
1658424745822,64,57
1658424746144,63,58
1658424746506,64,58
1658424746832,46,72
1658424747192,48,115
1658424747491,70,77
1658424747775,62,71
1658424748128,65,71
1658424748435,62,71
1658424748795,63,116
1658424749172,75,84
1658424749506,61,59
1658424749866,61,118
1658424750232,98,79
1658424750570,62,71
1658424750927,94,72
1658424751246,80,72
1658424751605,102,118
1658424751912,63,62
1658424752279,60,58
1658424752573,61,58
1658424752932,63,85
1658424753327,65,74
1658424753665,88,71
1658424753959,76,71
1658424754317,63,74
1658424754626,61,71
1658424755005,65,71
1658424755319,50,57
1658424755692,76,79
1658424756001,58,117
1658424756360,72,72
1658424756660,62,83
1658424757008,77,72
1658424757353,60,71
1658424757731,60,57
1658424758012,62,57
1658424758364,63,57
1658424758672,62,58
1658424759034,80,77
1658424759354,110,81
1658424759724,64,71
1658424760045,61,71
1658424760401,63,91
1658424760703,111,116
1658424761064,95,72
1658424761369,112,99
1658424761737,65,71
1658424762024,63,71
1658424762381,64,88
1658424762684,110,73
1658424763060,65,76
1658424763359,46,71
1658424763721,46,70
1658424764117,76,116
1658424764436,47,64
1658424764797,47,57
1658424765154,47,71
1658424765546,48,71
1658424765871,65,119
1658424766253,47,117
1658424766638,78,109
1658424766952,89,71
1658424767304,63,71
1658424767637,60,91
1658424767984,64,72
1658424768278,110,105
1658424768571,60,56
1658424768861,47,56
1658424769138,59,56
1658424769413,47,86
1658424769708,45,81
1658424769996,45,78
1658424770303,58,58
1658424770602,60,75
1658424770914,59,60
1658424771216,60,62
1658424771526,60,62
1658424771819,94,96
1658424772108,64,69
1658424772400,108,69
1658424772705,47,69
1658424773015,45,69
1658424773306,45,69
1658424773618,45,65
1658424773910,46,56
1658424774199,46,87
1658424774510,68,57
1658424774805,60,57
1658424775109,60,88
1658424775422,110,57
1658424775697,60,57
1658424775978,60,72
1658424776290,63,73
1658424776581,64,72
1658424776864,63,103
1658424777157,61,71
1658424777451,45,71
1658424777760,45,71
1658424778049,45,111
1658424778355,45,71
1658424778655,45,72
1658424778959,45,61
1658424779300,81,57
1658424779620,146,56
1658424779917,109,57
1658424780213,75,56
1658424780522,60,57
1658424780812,60,56
1658424781113,63,68
1658424781415,63,57
1658424781732,63,87
1658424782047,60,68
1658424782334,46,69
1658424782633,45,68
1658424782937,47,84
1658424783236,47,95
1658424783533,47,120
1658424783845,46,56
1658424784146,45,56
1658424784469,45,81
1658424784788,44,57
1658424785092,45,56
1658424785395,45,56
1658424785700,45,79
1658424786004,47,123
1658424786305,45,105
1658424786612,45,75
1658424786926,45,111
1658424787214,73,92
1658424787504,109,68
1658424787818,110,68
1658424788119,110,70
1658424788420,60,71
1658424788713,60,68
1658424789018,60,68
1658424789332,59,57
1658424789627,102,57
1658424789911,110,56
1658424790205,75,56
1658424790499,52,56
1658424790791,52,56
1658424791079,52,57
1658424791364,54,57
1658424791657,88,57
1658424791973,95,57
1658424792275,112,57
1658424792575,72,57
1658424792890,62,57
1658424793190,60,57
1658424793475,62,58
1658424793788,61,73
1658424794092,46,68
1658424794408,47,73
1658424794690,45,115
1658424794979,46,117
1658424795306,45,71
1658424795605,64,70
1658424795914,46,69
1658424796205,46,70
1658424796497,46,70
1658424796790,45,70
1658424797088,45,57
1658424797387,54,81
1658424797679,59,78
1658424797978,110,114
1658424798285,69,111
1658424798577,60,70
1658424798871,60,68
1658424799173,60,68
1658424799478,60,68
1658424799774,60,111
1658424800059,75,68
1658424800361,45,68
1658424800648,86,68
1658424800953,60,69
1658424801250,110,69
1658424801539,110,71
1658424801842,62,57
1658424802142,62,85
1658424802443,62,60
1658424802745,62,99
1658424803046,62,71
1658424803346,62,70
1658424803644,45,129
1658424803949,45,69
1658424804249,45,71
1658424804556,44,70
1658424804857,46,57
1658424805148,45,66
1658424805445,45,57
1658424805741,73,57
1658424806036,81,57
1658424806325,60,57
1658424806610,106,56
1658424806896,109,82
1658424807191,93,56
1658424807494,62,56
1658424807808,63,56
1658424808108,60,84
1658424808424,60,100
1658424808716,60,116
1658424809029,60,116
1658424809313,45,68
1658424809607,45,68
1658424809900,45,68
1658424810196,45,87
1658424810502,46,112
1658424810824,45,68
1658424811105,45,68
1658424811412,53,89
1658424811706,87,69
1658424812013,62,115
1658424812305,68,112
1658424812607,105,69
1658424812897,111,70
1658424813199,62,78
1658424813497,63,70
1658424813795,61,119
1658424814101,60,70
1658424814386,65,108
1658424814680,60,71
1658424814958,44,77
1658424815242,53,69
1658424815542,58,68
1658424815832,78,68
1658424816138,60,68
1658424816429,60,68
1658424816722,62,68
1658424817004,72,79
1658424817292,110,57
1658424817596,60,57
1658424817901,110,57
1658424818191,87,80
1658424818498,59,100
1658424818802,60,116
1658424819087,60,70
1658424819380,60,81
1658424819670,60,68
1658424819979,45,72
1658424820285,46,68
1658424820586,45,68
1658424820881,45,68
1658424821189,82,68
1658424821498,110,68
1658424821798,109,57
1658424822095,66,66
1658424822374,128,57
1658424822686,61,56
1658424822996,60,56
1658424823297,60,56
1658424823613,60,57
1658424823910,110,57
1658424824198,119,57
1658424824492,109,56
1658424824781,60,107
1658424825083,62,115
1658424825388,62,68
1658424825684,62,97
1658424826004,108,117
1658424826292,60,68
1658424826592,64,68
1658424826898,63,68
1658424827209,115,68
1658424827503,61,68
1658424827816,113,68
1658424828123,64,56
1658424828425,60,83
1658424828730,91,81
1658424829019,61,116
1658424829323,59,68
1658424829621,60,102
1658424829923,59,116
1658424830223,63,96
1658424830526,52,72
1658424830814,49,68
1658424831153,51,68
1658424831455,51,69
1658424831742,50,69
1658424832034,49,68
1658424832347,46,68
1658424832638,109,78
1658424832923,98,57
1658424833210,62,88
1658424833509,60,81
1658424833807,70,58
1658424834117,60,58
1658424834416,107,86
1658424834693,61,111
1658424834983,60,99
1658424835278,60,83
1658424835581,88,68
1658424835872,60,116
1658424836168,60,104
1658424836493,45,68
1658424836781,75,63
1658424837073,107,56
1658424837360,106,56
1658424837654,107,86
1658424837957,63,57
1658424838251,63,57
1658424838558,62,94
1658424838852,62,112
1658424839147,62,70
1658424839455,61,70
1658424839744,48,100
1658424840023,46,70
1658424840312,45,68
1658424840620,75,116
1658424840921,62,108
1658424841217,60,68
1658424841516,87,68
1658424841826,60,90
1658424842120,110,116
1658424842396,110,69
1658424842712,60,68
1658424843005,60,68
1658424843313,60,116
1658424843599,60,69
1658424843920,60,69
1658424844236,66,57
1658424844530,60,85
1658424844824,60,68
1658424845126,60,68
1658424845431,60,116
1658424845751,75,68
1658424846068,60,99
1658424846362,60,71
1658424846663,119,68
1658424846959,60,68
1658424847259,60,71
1658424847551,61,117
1658424847849,75,69
1658424848142,88,68
1658424848445,98,69
1658424848745,79,68
1658424849074,61,68
1658424849375,60,68
1658424849682,64,57
1658424849984,60,57
1658424850271,67,56
1658424850591,60,81
1658424850882,60,106
1658424851184,60,117
1658424851462,110,70
1658424851777,60,68
1658424852080,60,68
1658424852380,45,68
1658424852678,55,68
1658424852975,74,56
1658424853260,60,73
1658424853547,62,86
1658424853844,70,88
1658424854140,106,72
1658424854451,63,99
1658424854740,60,70
1658424855040,110,71
1658424855351,81,71
1658424855634,62,71
1658424855926,137,97
1658424856239,89,71
1658424856551,60,57
1658424856849,62,58
1658424857153,62,58
1658424857469,62,60
1658424857773,60,59
1658424858058,62,82
1658424858361,58,115
1658424858664,64,82
1658424858966,63,77
1658424859276,60,71
1658424859573,62,70
1658424859875,63,75
1658424860188,61,70
1658424860477,63,70
1658424860751,61,70
1658424861057,45,57
1658424861371,45,58
1658424861665,46,57
1658424861954,45,89
1658424862253,61,71
1658424862551,105,109
1658424862855,113,116
1658424863160,64,116
1658424863464,111,68
1658424863767,112,121
1658424864081,113,71
1658424864382,70,71
1658424864675,61,70
1658424864961,60,71
1658424865249,60,68
1658424865552,60,69
1658424865858,60,59
1658424866157,60,56
1658424866466,60,56
1658424866772,60,57
1658424867076,62,56
1658424867366,111,57
1658424867663,105,58
1658424867968,60,63
1658424868253,60,63
1658424868579,60,63
1658424868886,89,63
1658424869171,70,58
1658424869481,110,56
1658424869782,60,56
1658424870092,60,56
1658424870393,60,56
1658424870692,60,64
1658424870980,60,64
1658424871292,60,71
1658424871603,57,56
1658424871918,77,56
1658424872229,73,57
1658424872526,84,57
1658424872844,115,72
1658424873143,113,57
1658424873447,62,65
1658424873746,66,57
1658424874022,62,60
1658424874337,60,56
1658424874640,60,57
1658424874942,60,57
1658424875249,60,57
1658424875556,61,57
1658424875862,81,57
1658424876153,85,57
1658424876454,104,57
1658424876760,61,57
1658424877057,61,57
1658424877341,61,57
1658424877639,60,56
1658424877949,60,56
1658424878244,60,56
1658424878542,74,56
1658424878846,113,56
1658424879137,61,56
1658424879455,61,57
1658424879754,76,56
1658424880050,60,56
1658424880372,62,57
1658424880671,99,56
1658424880965,61,56
1658424881292,60,57
1658424881602,88,57
1658424881885,101,57
1658424882187,112,57
1658424882474,62,56
1658424882769,60,56
1658424883065,110,56
1658424883374,60,56
1658424883680,59,56
1658424883984,45,56
1658424884281,53,56
1658424884583,63,56
1658424884904,90,56
1658424885214,93,57
1658424885532,63,57
1658424885820,60,57
1658424886130,113,57
1658424886432,59,80
1658424886738,45,57
1658424887039,47,57
1658424887340,47,57
1658424887626,47,57
1658424887924,46,57
1658424888218,46,56
1658424888533,74,57
1658424888830,57,70
1658424889137,81,68
1658424889432,109,107
1658424889738,110,104
1658424890046,110,74
1658424890331,63,103
1658424890627,64,116
1658424890921,61,68
1658424891224,61,68
1658424891526,61,68
1658424891830,61,68
1658424892141,78,68
1658424892441,111,75
1658424892741,62,56
1658424893045,73,57
1658424893354,61,57
1658424893636,62,56
1658424893956,62,57
1658424894267,61,57
1658424894572,63,57
1658424894861,112,87
1658424895152,113,85
1658424895449,94,72
1658424895734,101,116
1658424896036,61,114
1658424896332,63,111
1658424896631,61,68
1658424896920,61,114
1658424897204,102,69
1658424897481,109,70
1658424897779,62,70
1658424898089,61,70
1658424898388,62,57
1658424898683,62,85
1658424898988,61,70
1658424899298,61,70
1658424899608,46,70
1658424899907,46,70
1658424900223,46,70
1658424900519,45,69
1658424900818,47,57
1658424901123,77,84
1658424901407,55,88
1658424901696,78,57
1658424901999,64,57
1658424902291,61,57
1658424902588,60,82
1658424902866,61,100
1658424903175,61,97
1658424903483,61,97
1658424903782,59,68
1658424904096,45,68
1658424904402,46,71
1658424904702,61,68
1658424905001,61,68
1658424905318,82,57
1658424905622,111,63
1658424905944,61,87
1658424906258,62,86
1658424906548,111,85
1658424906875,63,72
1658424907168,101,66
1658424907458,109,110
1658424907755,64,68
1658424908057,63,68
1658424908345,63,68
1658424908645,61,68
1658424908950,62,85
1658424909254,61,116
1658424909560,81,79
1658424909855,46,70
1658424910156,46,71
1658424910451,45,111
1658424910752,74,70
1658424911031,47,71
1658424911321,77,68
1658424911623,79,68
1658424911933,60,68
1658424912231,103,68
1658424912523,60,88
1658424912831,61,62
1658424913124,60,65
1658424913433,60,65
1658424913735,109,65
1658424914055,61,65
1658424914344,47,81
1658424914649,60,109
1658424914942,60,101
1658424915254,60,68
1658424915551,60,68
1658424915833,62,68
1658424916136,61,68
1658424916430,65,69
1658424916739,47,87
1658424917036,45,68
1658424917315,66,69
1658424917609,81,71
1658424917894,111,70
1658424918197,61,70
1658424918486,61,68
1658424918782,60,99
1658424919069,61,99
1658424919374,60,118
1658424919661,62,116
1658424919948,45,68
1658424920225,56,70
1658424920519,52,72
1658424920825,68,70
1658424921127,62,116
1658424921430,64,115
1658424921730,63,70
1658424922023,65,70
1658424922313,110,71
1658424922638,71,70
1658424922947,63,70
1658424923257,106,70
1658424923540,99,83
1658424923853,64,70
1658424924150,116,81
1658424924450,67,70
1658424924742,62,70
1658424925055,64,87
1658424925368,76,117
1658424925664,55,111
1658424925960,63,70
1658424926265,63,70
1658424926552,62,91
1658424926854,61,70
1658424927151,103,71
1658424927460,105,70
1658424927765,113,71
1658424928054,62,70
1658424928364,62,59
1658424928661,112,57
1658424928979,93,57
1658424929275,62,57
1658424929570,64,103
1658424929871,112,71
1658424930174,61,106
1658424930484,62,110
1658424930777,65,122
1658424931078,64,70
1658424931379,61,73
1658424931672,117,70
1658424931986,112,115
1658424932291,128,71
1658424932598,66,70
1658424932885,64,70
1658424933187,62,100
1658424933486,65,70
1658424933771,66,70
1658424934052,62,69
1658424934335,64,68
1658424934634,61,98
1658424934913,61,93
1658424935222,62,71
1658424935511,67,118
1658424935807,63,70
1658424936101,62,101
1658424936395,63,106
1658424936684,61,71
1658424936965,61,116
1658424937264,61,68
1658424937544,62,68
1658424937839,87,112
1658424938137,65,111
1658424938439,86,70
1658424938724,71,70
1658424939016,62,57
1658424939312,104,57
1658424939623,66,57
1658424939926,115,57
1658424940222,120,88
1658424940531,65,65
1658424940823,62,114
1658424941132,61,70
1658424941433,62,71
1658424941737,65,71
1658424942058,64,70
1658424942340,84,99
1658424942648,62,71
1658424942961,117,70
1658424943263,64,70
1658424943569,67,113
1658424943868,111,75
1658424944170,85,70
1658424944459,114,70
1658424944755,63,71
1658424945060,60,71
1658424945359,66,71
1658424945664,99,71
1658424945960,63,57
1658424946266,61,57
1658424946564,61,57
1658424946868,62,57
1658424947174,61,57
1658424947472,65,57
1658424947772,66,89
1658424948074,108,64
1658424948365,112,93
1658424948684,60,118
1658424948982,70,71
1658424949281,67,71
1658424949594,106,71
1658424949894,110,70
1658424950198,68,70
1658424950494,62,70
1658424950801,65,70
1658424951099,62,70
1658424951401,62,97
1658424951704,62,58
1658424952017,46,57
1658424952304,46,56
1658424952596,76,77
1658424952920,46,84
1658424953220,47,114
1658424953548,46,72
1658424953850,46,116
1658424954147,76,69
1658424954447,77,68
1658424954756,111,68
1658424955053,104,68
1658424955369,69,72
1658424955662,61,116
1658424955965,61,56
1658424956264,60,79
1658424956562,60,96
1658424956872,60,61
1658424957169,61,61
1658424957464,111,61
1658424957772,61,67
1658424958060,60,68
1658424958363,63,69
1658424958661,61,68
1658424958957,112,129
1658424959261,107,129
1658424959549,93,116
1658424959852,101,71
1658424960159,61,70
1658424960464,63,70
1658424960771,63,69
1658424961067,66,70
1658424961359,63,57
1658424961663,78,57
1658424961988,62,57
1658424962318,58,56
1658424962620,54,56
1658424962924,46,56
1658424963228,46,56
1658424963531,46,56
1658424963830,45,56
1658424964133,45,56
1658424964442,45,86
1658424964735,46,87
1658424965040,46,56
1658424965343,46,56
1658424965660,77,57
1658424965967,59,87
1658424966270,53,70
1658424966571,45,80
1658424966868,46,105
1658424967164,45,71
1658424967453,45,101
1658424967746,52,106
1658424968046,58,68
1658424968347,47,68
1658424968653,49,68
1658424968960,49,68
1658424969272,49,116
1658424969579,49,62
1658424969872,49,90
1658424970192,48,88
1658424970491,76,71
1658424970801,80,71
1658424971106,119,71
1658424971400,64,71
1658424971704,60,71
1658424971989,69,57
1658424972290,65,57
1658424972570,61,87
1658424972873,60,87
1658424973170,60,60
1658424973479,60,56
1658424973779,57,56
1658424974084,45,87
1658424974405,45,105
1658424974720,46,74
1658424975029,79,71
1658424975318,62,71
1658424975617,60,116
1658424975909,60,117
1658424976189,61,69
1658424976490,60,68
1658424976781,96,68
1658424977064,60,69
1658424977341,63,70
1658424977635,111,81
1658424977925,60,82
1658424978239,57,71
1658424978523,45,104
1658424978831,47,73
1658424979108,45,113
1658424979406,62,68
1658424979708,76,69
1658424980008,60,68
1658424980306,82,69
1658424980613,65,68
1658424980904,65,68
1658424981223,60,69
1658424981515,60,89
1658424981815,60,85
1658424982112,61,68
1658424982420,60,112
1658424982719,111,68
1658424983019,60,109
1658424983335,97,83
1658424983651,110,68
1658424983965,61,65
1658424984270,60,56
1658424984574,60,87
1658424984871,60,114
1658424985178,60,70
1658424985475,45,71
1658424985780,45,70
1658424986074,53,68
1658424986385,61,70
1658424986683,61,57
1658424986991,67,58
1658424987295,61,57
1658424987592,93,58
1658424987907,62,87
1658424988199,61,116
1658424988493,104,71
1658424988797,61,98
1658424989091,118,117
1658424989391,65,68
1658424989674,87,69
1658424989976,63,88
1658424990274,62,93
1658424990586,111,66
1658424990876,60,58
1658424991173,60,79
1658424991464,113,57
1658424991766,90,57
1658424992075,60,57
1658424992349,127,57
1658424992675,61,57
1658424992961,108,56
1658424993252,60,57
1658424993540,60,84
1658424993828,62,70
1658424994134,61,70
1658424994435,46,104
1658424994747,45,113
1658424995052,46,116
1658424995348,50,70
1658424995640,112,70
1658424995935,101,70
1658424996239,61,70
1658424996534,101,80
1658424996848,88,69
1658424997154,62,57
1658424997448,63,58
1658424997752,65,87
1658424998054,66,57
1658424998370,66,58
1658424998661,67,104
1658424998962,66,71
1658424999268,66,71
1658424999560,62,71
1658424999858,64,71
1658425000155,62,71
1658425000454,69,116
1658425000762,102,72
1658425001061,64,61
1658425001359,93,77
1658425001648,61,57
1658425001936,113,56
1658425002252,62,85
1658425002539,113,84
1658425002831,62,57
1658425003118,62,65
1658425003442,61,87
1658425003746,63,57
1658425004046,63,57
1658425004366,63,86
1658425004687,66,68
1658425004973,62,68
1658425005292,63,70
1658425005626,63,71
1658425005911,72,71
1658425006207,107,92
1658425006505,63,71
1658425006799,117,71
1658425007105,97,114
1658425007415,120,76
1658425007723,83,71
1658425008011,63,116
1658425008318,64,71
1658425008628,67,71
1658425008926,67,71
1658425009224,141,70
1658425009523,110,104
1658425009822,65,101
1658425010135,67,70
1658425010438,65,71
1658425010734,68,71
1658425011029,65,71
1658425011330,66,71
1658425011641,63,71
1658425011926,67,121
1658425012236,65,70
1658425012541,64,71
1658425012839,61,57
1658425013141,61,57
1658425013444,66,66
1658425013760,87,78
1658425014057,78,112
1658425014356,79,127
1658425014644,79,109
1658425014944,78,71
1658425015243,64,71
1658425015553,61,70
1658425015859,73,70
1658425016179,61,71
1658425016476,79,70
1658425016759,78,57
1658425017038,74,57
1658425017335,76,87
1658425017625,64,116
1658425017933,64,68
1658425018226,63,68
1658425018521,61,69
1658425018825,77,69
1658425019124,85,115
1658425019438,63,69
1658425019743,61,68
1658425020046,61,68
1658425020347,61,68
1658425020644,60,68
1658425020943,62,68
1658425021234,60,66
1658425021532,63,71
1658425021818,68,60
1658425022102,60,61
1658425022399,48,94
1658425022717,46,82
1658425023004,50,102
1658425023305,53,71
1658425023599,61,71
1658425023893,63,70
1658425024195,60,70
1658425024491,61,56
1658425024814,62,57
1658425025121,62,57
1658425025411,49,84
1658425025713,52,80
1658425026000,65,69
1658425026302,64,69
1658425026604,61,101
1658425026882,64,69
1658425027164,63,69
1658425027480,67,87
1658425027784,62,59
1658425028091,63,56
1658425028399,64,56
1658425028716,112,65
1658425029003,63,115
1658425029307,99,85
1658425029607,63,69
1658425029910,103,68
1658425030201,89,68
1658425030502,113,87
1658425030803,115,68
1658425031108,61,69
1658425031400,63,69
1658425031698,63,68
1658425032007,63,68
1658425032306,62,68
1658425032620,63,72
1658425032913,69,106
1658425033208,92,68
1658425033497,96,98
1658425033781,111,116
1658425034079,116,91
1658425034382,62,71
1658425034691,65,121
1658425034998,67,90
1658425035331,113,68
1658425035622,63,69
1658425035916,114,68
1658425036222,63,69
1658425036514,61,70
1658425036826,61,57
1658425037124,64,57
1658425037434,60,56
1658425037740,80,56
1658425038045,100,57
1658425038348,68,56
1658425038643,110,56
1658425038926,64,57
1658425039217,63,57
1658425039506,63,57
1658425039799,65,57
1658425040099,117,75
1658425040404,62,111
1658425040693,115,95
1658425041007,64,108
1658425041299,66,71
1658425041600,104,111
1658425041886,101,117
1658425042173,62,69
1658425042466,112,69
1658425042759,62,69
1658425043063,61,69
1658425043369,60,70
1658425043674,62,56
1658425043970,111,56
1658425044270,61,57
1658425044582,88,57
1658425044885,61,64
1658425045184,61,58
1658425045482,61,76
1658425045779,63,67
1658425046082,63,116
1658425046378,112,81
1658425046656,62,110
1658425046954,86,79
1658425047257,99,71
1658425047556,73,71
1658425047844,68,59
1658425048127,100,56
1658425048443,63,56
1658425048741,61,57
1658425049040,61,56
1658425049318,64,120
1658425049636,55,68
1658425049950,45,68
1658425050256,45,70
1658425050565,64,71
1658425050857,65,71
1658425051168,114,64
1658425051468,116,114
1658425051763,77,113
1658425052058,61,118
1658425052348,114,111
1658425052657,107,69
1658425052975,61,70
1658425053272,73,88
1658425053556,61,68
1658425053847,64,69
1658425054154,61,56
1658425054439,111,56
1658425054742,61,57
1658425055027,61,56
1658425055333,61,57
1658425055640,56,57
1658425055947,45,59
1658425056249,46,56
1658425056551,93,57
1658425056854,62,57
1658425057158,107,56
1658425057467,61,86
1658425057765,61,115
1658425058086,111,68
1658425058382,107,68
1658425058673,111,117
1658425059037,61,78
1658425059329,65,70
1658425059605,63,67
1658425059905,66,68
1658425060204,63,68
1658425060502,62,67
1658425060797,61,67
1658425061081,57,56
1658425061389,52,56
1658425061699,50,88
1658425062001,50,68
1658425062313,55,88
1658425062608,111,68
1658425062906,112,103
1658425063219,64,100
1658425063508,114,114
1658425063807,79,68
1658425064104,111,68
1658425064405,61,68
1658425064723,98,78
1658425065031,62,68
1658425065331,61,67
1658425065645,60,56
1658425065955,61,60
1658425066253,46,120
1658425066534,46,116
1658425066826,46,68
1658425067118,45,68
1658425067418,45,69
1658425067718,70,70
1658425068025,60,68
1658425068335,105,68
1658425068638,61,88
1658425068928,68,102
1658425069231,111,113
1658425069557,61,68
1658425069856,61,68
1658425070144,63,68
1658425070433,65,68
1658425070724,61,69
1658425071021,61,58
1658425071322,110,57
1658425071620,61,57
1658425071917,76,69
1658425072203,47,74
1658425072496,47,117
1658425072817,46,81
1658425073104,47,106
1658425073403,46,117
1658425073701,47,71
1658425074004,70,70
1658425074300,50,70
1658425074600,50,116
1658425074895,60,70
1658425075191,64,68
1658425075491,46,68
1658425075795,66,68
1658425076091,61,68
1658425076403,60,68
1658425076702,60,70
1658425077000,60,56
1658425077301,111,56
1658425077595,61,56
1658425077898,61,56
1658425078204,63,67
1658425078502,107,88
1658425078813,61,68
1658425079100,108,67
1658425079386,67,69
1658425079684,62,68
1658425079979,99,69
1658425080292,61,69
1658425080621,60,56
1658425080918,46,56
1658425081229,45,57
1658425081553,64,58
1658425081839,53,58
1658425082152,61,58
1658425082440,114,75
1658425082733,61,57
1658425083032,63,88
1658425083333,63,86
1658425083639,60,57
1658425083936,62,107
1658425084238,55,115
1658425084533,47,116
1658425084833,46,94
1658425085152,77,68
1658425085435,117,97
1658425085722,111,94
1658425086035,61,57
1658425086339,61,57
1658425086645,76,56
1658425086934,76,57
1658425087236,65,56
1658425087524,61,56
1658425087838,61,84
1658425088149,60,57
1658425088456,60,57
1658425088745,60,57
1658425089068,86,57
1658425089382,77,58
1658425089661,111,57
1658425089951,62,57
1658425090234,67,57
1658425090538,63,69
1658425090838,60,57
1658425091144,60,84
1658425091447,60,57
1658425091753,60,107
1658425092047,86,83
1658425092335,77,70
1658425092648,61,74
1658425092951,61,69
1658425093243,61,70
1658425093545,61,70
1658425093842,110,71
1658425094141,63,70
1658425094444,63,100
1658425094747,61,70
1658425095045,95,92
1658425095342,103,70
1658425095634,63,70
1658425095937,63,70
1658425096245,63,70
1658425096575,66,57
1658425096886,110,86
1658425097195,60,77
1658425097492,60,68
1658425097789,61,69
1658425098093,60,110
1658425098397,60,68
1658425098704,79,68
1658425099011,76,82
1658425099301,124,74
1658425099608,128,57
1658425099917,61,57
1658425100224,60,57
1658425100525,61,57
1658425100831,60,56
1658425101140,61,72
1658425101428,61,95
1658425101725,45,61
1658425102011,45,96
1658425102312,46,62
1658425102612,45,62
1658425102919,46,61
1658425103208,46,88
1658425103556,46,85
1658425103855,47,112
1658425104163,76,112
1658425104455,66,68
1658425104736,63,68
1658425105050,60,68
1658425105357,121,68
1658425105643,100,68
1658425105942,79,67
1658425106252,77,56
1658425106559,64,56
1658425106865,65,58
1658425107181,64,57
1658425107493,63,68
1658425107793,66,70
1658425108100,64,79
1658425108397,67,70
1658425108677,66,68
1658425108979,72,79
1658425109274,63,134
1658425109576,91,94
1658425109888,91,68
1658425110184,116,68
1658425110481,113,131
1658425110782,62,138
1658425111111,62,117
1658425111403,62,68
1658425111703,61,68
1658425111992,61,68
1658425112274,61,68
1658425112557,60,68
1658425112870,60,70
1658425113176,60,57
1658425113476,60,57
1658425113784,54,57
1658425114120,77,56
1658425114404,61,57
1658425114699,61,56
1658425115001,61,56
1658425115299,61,56
1658425115580,86,57
1658425115861,61,57
1658425116174,111,59
1658425116472,73,99
1658425116759,70,71
1658425117041,94,108
1658425117338,80,96
1658425117625,61,102
1658425117929,61,116
1658425118218,61,72
1658425118507,87,68
1658425118817,103,70
1658425119115,61,68
1658425119411,61,69
1658425119727,111,69
1658425119999,111,68
1658425120309,81,57
1658425120612,54,86
1658425120907,45,58
1658425121216,47,57
1658425121533,45,56
1658425121819,71,90
1658425122112,51,116
1658425122404,52,116
1658425122684,52,70
1658425122967,54,68
1658425123262,95,68
1658425123564,76,68
1658425123860,60,68
1658425124174,60,68
1658425124469,60,61
1658425124764,110,59
1658425125038,61,59
1658425125340,75,60
1658425125643,46,60
1658425125958,46,94
1658425126276,45,59
1658425126587,47,56
1658425126875,88,64
1658425127170,61,116
1658425127455,114,91
1658425127759,61,69
1658425128036,61,70
1658425128331,107,110
1658425128609,108,70
1658425128916,61,70
1658425129200,61,56
1658425129502,61,56
1658425129805,60,56
1658425130096,60,56
1658425130401,61,84
1658425130694,107,85
1658425130989,111,67
1658425131286,90,67
1658425131569,68,68
1658425131868,61,69
1658425132155,63,111
1658425132432,63,111
1658425132725,60,73
1658425133019,110,75
1658425133335,60,114
1658425133628,45,114
1658425133926,45,68
1658425134220,49,68
1658425134510,46,67
1658425134807,46,67
1658425135097,46,68
1658425135394,46,69
1658425135687,77,67
1658425136002,133,57
1658425136308,61,57
1658425136608,73,69
1658425136891,61,112
1658425137184,63,70
1658425137481,61,70
1658425137771,61,70
1658425138076,60,70
1658425138356,60,107
1658425138653,46,104
1658425138967,75,87
1658425139262,111,87
1658425139538,112,68
1658425139823,61,68
1658425140114,110,69
1658425140415,98,69
1658425140699,62,70
1658425140999,61,134
1658425141296,95,112
1658425141590,110,115
1658425141889,60,116
1658425142189,60,71
1658425142462,60,68
1658425142751,89,68
1658425143061,60,68
1658425143401,45,68
1658425143707,45,69
1658425144003,45,70
1658425144297,45,58
1658425144604,45,57
1658425144911,45,88
1658425145206,45,86
1658425145506,45,112
1658425145803,46,68
1658425146119,76,108
1658425146414,46,70
1658425146705,62,68
1658425147011,46,68
1658425147315,46,70
1658425147641,46,70
1658425147937,46,70
1658425148249,76,57
1658425148546,65,58
1658425148858,61,57
1658425149177,98,57
1658425149479,62,66
1658425149805,60,88
1658425150090,60,99
1658425150387,60,63
1658425150690,60,104
1658425151006,53,68
1658425151293,47,67
1658425151597,45,68
1658425151894,82,68
1658425152198,103,112
1658425152496,60,93
1658425152803,60,69
1658425153098,60,69
1658425153401,60,68
1658425153713,83,69
1658425153998,47,113
1658425154316,68,65
1658425154620,65,74
1658425154920,45,69
1658425155214,46,102
1658425155508,46,69
1658425155806,47,70
1658425156083,83,70
1658425156370,61,70
1658425156659,60,68
1658425156946,60,68
1658425157248,60,63
1658425157535,60,56
1658425157836,78,87
1658425158128,74,58
1658425158425,60,58
1658425158715,63,58
1658425159009,62,59
1658425159325,62,89
1658425159671,63,87
1658425159978,75,87
1658425160276,46,60
1658425160569,65,83
1658425160876,46,68
1658425161163,53,88
1658425161481,45,115
1658425161780,45,68
1658425162062,45,68
1658425162361,45,69
1658425162650,45,86
1658425162949,68,69
1658425163246,46,70
1658425163518,76,70
1658425163809,106,67
1658425164107,60,68
1658425164414,60,108
1658425164720,60,115
1658425165022,60,68
1658425165316,96,68
1658425165606,110,68
1658425165891,64,68
1658425166208,60,68
1658425166516,60,68
1658425166811,60,68
1658425167118,60,85
1658425167422,60,68
1658425167732,45,65
1658425168036,57,57
1658425168333,67,56
1658425168626,60,56
1658425168938,94,87
1658425169231,60,60
1658425169536,60,64
1658425169838,110,56
1658425170149,44,57
1658425170439,44,86
1658425170729,94,77
1658425171024,60,67
1658425171312,60,67
1658425171597,73,68
1658425171877,62,70
1658425172146,61,115
1658425172452,110,115
1658425172751,95,65
1658425173057,73,63
1658425173368,110,57
1658425173673,60,57
1658425173989,60,83
1658425174313,60,86
1658425174620,73,57
1658425174920,53,87
1658425175223,90,57
1658425175525,60,57
1658425175825,107,88
1658425176124,116,57
1658425176424,62,57
1658425176737,61,58
1658425177042,63,57
1658425177339,60,57
1658425177639,60,57
1658425177940,62,91
1658425178241,46,82
1658425178547,46,87
1658425178856,45,57
1658425179155,45,79
1658425179458,46,107
1658425179756,45,85
1658425180061,45,70
1658425180364,45,70
1658425180664,67,70
1658425180971,56,75
1658425181294,76,70
1658425181612,96,70
1658425181925,110,57
1658425182234,99,57
1658425182519,60,57
1658425182812,60,56
1658425183115,60,56
1658425183427,60,89
1658425183725,45,60
1658425184028,45,97
1658425184334,45,60
1658425184633,45,92
1658425184938,45,60
1658425185233,45,67
1658425185546,60,56
1658425185844,107,56
1658425186126,110,56
1658425186440,95,84
1658425186731,86,67
1658425187033,60,67
1658425187332,60,130
1658425187639,60,145
1658425187952,60,84
1658425188238,52,68
1658425188534,45,68
1658425188821,45,69
1658425189119,45,70
1658425189407,45,70
1658425189714,46,57
1658425190004,46,57
1658425190313,82,57
1658425190593,111,57
1658425190871,111,56
1658425191157,106,56
1658425191451,60,63
1658425191752,60,63
1658425192063,60,56
1658425192360,60,75
1658425192656,52,63
1658425192966,72,56
1658425193260,82,56
1658425193551,51,56
1658425193853,51,57
1658425194151,51,70
1658425194441,55,64
1658425194749,91,57
1658425195042,110,57
1658425195341,111,63
1658425195643,62,57
1658425195953,62,57
1658425196245,62,57
1658425196533,62,64
1658425196825,45,84
1658425197115,45,56
1658425197395,45,56
1658425197691,45,56
1658425198013,49,56
1658425198318,66,56
1658425198615,52,56
1658425198903,46,56
1658425199201,46,56
1658425199492,61,57
1658425199807,46,56
1658425200114,45,56
1658425200415,45,56
1658425200715,54,56
1658425201011,60,56
1658425201302,88,56
1658425201599,60,57
1658425201910,60,57
1658425202211,60,56
1658425202518,51,57
1658425202812,45,57
1658425203120,54,57
1658425203421,60,57
1658425203718,107,57
1658425204020,60,56
1658425204330,83,57
1658425204626,65,67
1658425204927,60,57
1658425205227,60,60
1658425205539,60,62
1658425205830,60,84
1658425206142,52,69
1658425206448,45,68
1658425206759,45,71
1658425207072,45,114
1658425207363,74,115
1658425207659,45,68
1658425207967,45,67
1658425208267,45,67
1658425208576,45,67
1658425208872,57,93
1658425209178,64,67
1658425209493,71,67
1658425209803,47,67
1658425210091,54,115
1658425210395,45,67
1658425210677,74,67
1658425210977,45,87
1658425211293,45,70
1658425211613,45,113
1658425211910,45,71
1658425212202,45,68
1658425212510,71,67
1658425212818,60,68
1658425213129,60,70
1658425213422,111,70
1658425213732,62,70
1658425214027,60,64
1658425214321,61,75
1658425214620,61,63
1658425214916,60,67
1658425215202,105,67
1658425215505,72,67
1658425215791,64,67
1658425216081,70,69
1658425216371,63,116
1658425216673,61,96
1658425216991,74,69
1658425217301,110,116
1658425217592,97,99
1658425217885,63,68
1658425218173,62,68
1658425218478,61,57
1658425218786,61,68
1658425219086,61,62
1658425219374,110,62
1658425219650,45,61
1658425219955,45,60
1658425220247,45,60
1658425220538,72,60
1658425220932,73,57
1658425221266,48,56
1658425221552,80,55
1658425221862,48,55
1658425222172,48,55
1658425222475,48,85
1658425222772,71,86
1658425223131,85,94
1658425223478,100,104
1658425223773,59,89
1658425224085,60,95
1658425224383,61,115
1658425224674,83,68
1658425224992,82,67
1658425225287,106,67
1658425225595,108,66
1658425225897,60,56
1658425226196,59,81
1658425226491,60,81
1658425226795,60,67
1658425227110,87,110
1658425227398,60,67
1658425227693,62,114
1658425227975,104,67
1658425228267,103,56
1658425228562,62,59
1658425228855,61,60
1658425229157,52,87
1658425229459,53,57
1658425229762,45,73
1658425230072,45,83
1658425230372,46,84
1658425230694,45,57
1658425230994,78,56
1658425231280,105,76
1658425231580,96,57
1658425231877,111,85
1658425232177,61,109
1658425232488,61,70
1658425232792,60,69
1658425233078,78,70
1658425233377,62,70
1658425233670,94,69
1658425233970,60,57
1658425234274,60,73
1658425234572,99,111
1658425234871,60,70
1658425235159,45,114
1658425235462,45,107
1658425235770,45,123
1658425236079,44,70
1658425236380,45,81
1658425236657,44,98
1658425236953,66,67
1658425237246,47,67
1658425237540,65,67
1658425237818,109,56
1658425238124,76,57
1658425238429,63,83
1658425238734,60,79
1658425239039,60,57
1658425239348,99,87
1658425239637,60,56
1658425239939,63,57
1658425240238,110,57
1658425240546,60,66
1658425240838,110,70
1658425241144,60,69
1658425241446,94,84
1658425241749,63,69
1658425242041,60,114
1658425242331,62,83
1658425242638,111,71
1658425242941,61,70
1658425243254,109,70
1658425243562,68,69
1658425243867,45,70
1658425244178,45,64
1658425244489,45,59
1658425244791,45,56
1658425245094,62,87
1658425245393,46,70
1658425245697,67,77
1658425245997,76,68
1658425246289,45,68
1658425246579,45,69
1658425246881,48,69
1658425247172,53,69
1658425247482,48,69
1658425247763,48,57
1658425248070,48,64
1658425248366,48,57
1658425248662,48,57
1658425248952,47,87
1658425249251,45,56
1658425249535,44,56
1658425249819,44,56
1658425250123,44,87
1658425250437,44,70
1658425250735,82,108
1658425251028,131,67
1658425251330,110,90
1658425251633,60,68
1658425251923,60,114
1658425252228,60,111
1658425252543,60,67
1658425252840,60,67
1658425253143,59,67
1658425253440,50,111
1658425253733,44,67
1658425254033,44,114
1658425254317,44,70
1658425254610,45,70
1658425254907,45,70
1658425255215,45,70
1658425255514,45,70
1658425255812,45,70
1658425256097,45,57
1658425256389,44,58
1658425256695,44,87
1658425257005,45,70
1658425257287,45,67
1658425257578,45,100
1658425257869,45,80
1658425258190,45,84
1658425258490,49,116
1658425258779,74,97
1658425259066,82,59
1658425259359,60,57
1658425259660,77,57
1658425259942,60,57
1658425260244,62,57
1658425260558,62,57
1658425260863,62,79
1658425261148,110,102
1658425261437,62,81
1658425261727,45,107
1658425262040,68,70
1658425262353,83,70
1658425262640,60,70
1658425262921,60,68
1658425263220,60,67
1658425263530,109,87
1658425263822,60,64
1658425264113,66,95
1658425264413,60,104
1658425264709,59,114
1658425264998,59,67
1658425265301,60,68
1658425265600,59,68
1658425265912,50,98
1658425266200,75,68
1658425266523,45,68
1658425266826,45,109
1658425267137,45,113
1658425267430,45,68
1658425267731,45,93
1658425268050,45,68
1658425268343,75,68
1658425268645,45,68
1658425268943,57,56
1658425269241,108,56
1658425269551,88,79
1658425269854,60,79
1658425270150,59,77
1658425270445,59,68
1658425270753,59,67
1658425271044,59,67
1658425271359,59,67
1658425271638,44,78
1658425271946,68,62
1658425272247,61,87
1658425272538,45,67
1658425272828,46,69
1658425273123,54,70
1658425273426,53,70
1658425273705,95,70
1658425273983,60,70
1658425274321,59,70
1658425274617,60,70
1658425274913,59,70
1658425275224,60,57
1658425275529,59,61
1658425275832,52,69
1658425276132,76,125
1658425276457,45,151
1658425276759,46,69
1658425277057,46,69
1658425277355,46,69
1658425277662,46,70
1658425277950,76,69
1658425278248,46,70
1658425278540,45,57
1658425278825,80,57
1658425279121,49,57
1658425279397,48,56
1658425279684,48,56
1658425279957,60,57
1658425280263,87,57
1658425280560,97,57
1658425280860,59,57
1658425281162,60,58
1658425281465,60,57
1658425281769,60,57
1658425282052,60,57
1658425282346,44,57
1658425282625,44,56
1658425282924,71,56
1658425283232,70,56
1658425283537,110,83
1658425283819,96,110
1658425284119,60,113
1658425284419,60,115
1658425284723,60,115
1658425285023,50,89
1658425285327,65,68
1658425285634,73,68
1658425285931,82,115
1658425286234,60,67
1658425286534,59,68
1658425286841,59,57
1658425287137,59,81
1658425287461,59,56
1658425287746,44,88
1658425288047,44,66
1658425288332,73,67
1658425288620,51,86
1658425288927,76,68
1658425289225,112,68
1658425289523,62,69
1658425289834,61,68
1658425290116,97,69
1658425290411,60,72
1658425290714,60,57
1658425291011,45,57
1658425291315,45,57
1658425291604,44,57
1658425291901,45,87
1658425292208,45,91
1658425292510,64,107
1658425292789,102,114
1658425293073,57,67
1658425293370,57,103
1658425293672,56,67
1658425293983,57,67
1658425294280,84,67
1658425294577,60,68
1658425294882,60,67
1658425295175,109,67
1658425295486,60,56
1658425295784,60,56
1658425296095,102,67
1658425296409,53,66
1658425296720,76,89
1658425297001,44,67
1658425297310,44,101
1658425297615,44,114
1658425297926,44,113
1658425298216,45,101
1658425298517,45,68
1658425298806,75,67
1658425299121,45,67
1658425299414,45,68
1658425299723,45,67
1658425300024,68,67
1658425300331,74,56
1658425300628,89,56
1658425300943,57,56
1658425301257,102,57
1658425301566,104,57
1658425301854,89,57
1658425302156,60,57
1658425302453,59,92
1658425302756,60,114
1658425303044,60,115
1658425303358,60,75
1658425303667,60,114
1658425303975,45,115
1658425304272,49,71
1658425304560,73,76
1658425304874,46,58
1658425305196,45,58
1658425305501,56,57
1658425305807,108,57
1658425306099,60,57
1658425306403,60,57
1658425306692,60,57
1658425306993,60,57
1658425307292,60,58
1658425307592,61,58
1658425307912,60,68
1658425308214,60,57
1658425308523,66,89
1658425308835,60,97
1658425309137,109,70
1658425309427,62,70
1658425309738,60,70
1658425310034,61,104
1658425310327,61,117
1658425310640,60,64
1658425310919,83,74
1658425311201,60,59
1658425311504,60,77
1658425311800,74,56
1658425312095,60,56
1658425312395,60,56
1658425312708,60,56
1658425313012,45,56
1658425313315,45,87
1658425313624,45,70
1658425313922,45,67
1658425314227,45,67
1658425314531,45,67
1658425314837,51,77
1658425315142,47,70
1658425315426,68,112
1658425315731,60,67
1658425316029,59,115
1658425316332,85,67
1658425316628,59,70
1658425316931,60,67
1658425317225,49,67
1658425317536,44,115
1658425317836,44,67
1658425318143,81,67
1658425318445,60,108
1658425318737,61,67
1658425319042,60,67
1658425319332,60,67
1658425319629,60,103
1658425319943,60,101
1658425320246,110,68
1658425320554,110,67
1658425320856,106,67
1658425321153,107,68
1658425321458,110,63
1658425321762,95,56
1658425322067,60,56
1658425322352,60,67
1658425322670,60,57
1658425322955,45,56
1658425323253,45,56
1658425323566,45,56
1658425323880,45,56
1658425324182,45,86
1658425324488,45,86
1658425324787,72,68
1658425325116,106,82
1658425325410,64,70
1658425325707,60,70
1658425326013,60,70
1658425326290,59,68
1658425326593,62,68
1658425326890,63,68
1658425327191,104,67
1658425327482,60,62
1658425327783,60,88
1658425328066,60,112
1658425328368,82,69
1658425328668,116,114
1658425328968,136,114
1658425329263,63,70
1658425329567,62,70
1658425329856,62,88
1658425330160,60,70
1658425330455,60,85
1658425330743,60,65
1658425331031,45,56
1658425331318,45,56
1658425331603,45,56
1658425331907,45,57
1658425332207,45,57
1658425332501,52,85
1658425332803,44,87
1658425333110,45,69
1658425333410,44,68
1658425333702,45,69
1658425334004,44,68
1658425334301,46,70
1658425334623,45,109
1658425334928,45,90
1658425335221,45,97
1658425335515,59,69
1658425335812,61,111
1658425336126,46,69
1658425336418,45,67
1658425336718,52,68
1658425337011,47,69
1658425337290,46,69
1658425337611,45,69
1658425337910,45,94
1658425338213,53,58
1658425338497,53,91
1658425338789,53,114
1658425339077,44,142
1658425339354,44,67
1658425339646,44,68
1658425339940,45,69
1658425340261,44,68
1658425340562,44,68
1658425340848,45,72
1658425341169,44,68
1658425341485,44,68
1658425341777,44,68
1658425342063,44,67
1658425342372,44,68
1658425342660,45,68
1658425342964,44,68
1658425343267,44,56
1658425343565,44,80
1658425343852,46,97
1658425344146,45,89
1658425344443,45,116
1658425344759,45,70
1658425345045,72,70
1658425345349,74,85
1658425345639,77,66
1658425345926,44,102
1658425346240,44,101
1658425346562,44,70
1658425346863,45,70
1658425347143,45,70
1658425347449,45,70
1658425347745,44,70
1658425348038,70,68
1658425348342,52,87
1658425348656,44,58
1658425348953,75,58
1658425349234,58,98
1658425349523,50,68
1658425349818,48,67
1658425350143,48,67
1658425350424,90,67
1658425350713,94,90
1658425350991,64,113
1658425351298,61,70
1658425351585,67,70
1658425351897,61,70
1658425352195,61,127
1658425352500,61,69
1658425352791,61,70
1658425353088,60,70
1658425353381,110,70
1658425353678,48,71
1658425353972,44,68
1658425354291,44,58
1658425354598,44,57
1658425354892,45,58
1658425355188,74,57
1658425355482,95,56
1658425355801,109,57
1658425356099,60,57
1658425356400,59,57
1658425356681,60,56
1658425356967,59,56
1658425357254,83,56
1658425357563,59,56
1658425357873,59,56
1658425358158,59,56
1658425358472,47,82
1658425358769,44,87
1658425359072,44,64
1658425359368,48,81
1658425359677,61,87
1658425359986,59,73
1658425360284,95,115
1658425360583,60,68
1658425360882,60,62
1658425361179,83,56
1658425361493,123,56
1658425361791,108,56
1658425362097,59,56
1658425362399,59,56
1658425362699,109,56
1658425362988,59,56
1658425363301,59,78
1658425363599,44,68
1658425363912,44,78
1658425364202,44,114
1658425364504,59,94
1658425364806,66,75
1658425365105,87,68
1658425365395,59,68
1658425365701,59,69
1658425366029,109,69
1658425366312,63,68
1658425366616,59,67
1658425366906,59,85
1658425367203,109,57
1658425367500,62,57
1658425367816,59,57
1658425368113,47,62
1658425368420,44,58
1658425368716,44,81
1658425369013,75,85
1658425369311,53,106
1658425369592,65,116
1658425369901,106,70
1658425370208,61,70
1658425370503,61,70
1658425370786,60,70
1658425371099,59,63
1658425371402,47,57
1658425371680,45,84
1658425371979,58,78
1658425372296,59,71
1658425372603,59,71
1658425372912,109,71
1658425373206,60,111
1658425373521,60,107
1658425373817,60,70
1658425374124,60,103
1658425374423,61,71
1658425374712,110,70
1658425375022,74,70
1658425375334,73,71
1658425375650,74,70
1658425375935,46,98
1658425376243,45,57
1658425376537,45,57
1658425376842,45,57
1658425377136,45,57
1658425377427,45,56
1658425377732,44,69
1658425378047,75,64
1658425378342,75,98
1658425378628,64,67
1658425378925,109,67
1658425379229,59,114
1658425379508,59,110
1658425379823,59,68
1658425380114,107,67
1658425380407,47,67
1658425380708,75,67
1658425381000,59,85
1658425381286,59,115
1658425381584,59,69
1658425381886,96,114
1658425382163,62,105
1658425382462,61,70
1658425382775,44,70
1658425383087,45,74
1658425383393,46,58
1658425383676,46,57
1658425383982,45,57
1658425384289,46,57
1658425384576,76,57
1658425384884,61,57
1658425385168,111,57
1658425385484,110,60
1658425385777,59,61
1658425386066,60,64
1658425386344,86,62
1658425386646,59,62
1658425386952,59,62
1658425387236,97,62
1658425387532,45,62
1658425387829,44,88
1658425388128,44,58
1658425388434,45,58
1658425388730,45,58
1658425389014,70,80
1658425389305,61,58
1658425389605,60,86
1658425389905,85,61
1658425390216,59,104
1658425390524,60,69
1658425390834,61,69
1658425391142,61,69
